2024-08-12 15:39:29,230 [INFO] Activator:176 - 


2024-08-12 15:39:29,232 [INFO] Activator:177 - !SESSION log4j initialized
2024-08-12 15:39:30,549 [INFO] LogOutputStream:77 - [STDOUT_REDIRECT] 
2024-08-12 15:39:31,816 [INFO] ApplicationProperties:184 - Using Application install path: /opt/st/stm32cubeide_1.15.0/plugins/com.st.stm32cube.common.mx_6.11.0.202403141607
2024-08-12 15:39:31,827 [INFO] DbMcusXml:78 - Set database path to: /opt/st/stm32cubeide_1.15.0/plugins/com.st.stm32cube.common.mx_6.11.0.202403141607//db//mcu/
2024-08-12 15:39:31,828 [INFO] ApiDb:274 - Set plugin database path to: /opt/st/stm32cubeide_1.15.0/plugins/com.st.stm32cube.common.mx_6.11.0.202403141607//db//plugins/boardmanager/
2024-08-12 15:39:31,828 [WARN] ApiDb:259 - Overriding images path with different value:  => /opt/st/stm32cubeide_1.15.0/plugins/com.st.stm32cube.common.mx_6.11.0.202403141607//db//plugins/mcufinder/images/
2024-08-12 15:39:31,830 [INFO] ApiDb:250 - Set database path to: /home/hp/.stmcufinder/plugins/mcufinder//mcu/
2024-08-12 15:39:31,831 [INFO] DbMcusAds:125 - Set database path to: /home/hp/.stmcufinder/plugins/mcufinder//mcu/
2024-08-12 15:39:31,832 [INFO] CrossReferenceDbSqlite:203 - Set database path to: /home/hp/.stmcufinder/plugins/mcufinder//mcu/cs/
2024-08-12 15:39:31,914 [INFO] RulesReader:64 - Compatibility file has been processed (297 Rules)
2024-08-12 15:39:31,959 [INFO] DbMcusXml:78 - Set database path to: /opt/st/stm32cubeide_1.15.0/plugins/com.st.stm32cube.common.mx_6.11.0.202403141607//db//mcu/
2024-08-12 15:39:31,959 [INFO] ApiDb:274 - Set plugin database path to: /opt/st/stm32cubeide_1.15.0/plugins/com.st.stm32cube.common.mx_6.11.0.202403141607//db//plugins/boardmanager/
2024-08-12 15:39:31,960 [INFO] ApiDb:261 - Set plugin images path to: /opt/st/stm32cubeide_1.15.0/plugins/com.st.stm32cube.common.mx_6.11.0.202403141607//db//plugins/mcufinder/images/
2024-08-12 15:39:31,960 [WARN] DbFile:41 - Overriding database path with different value: /home/hp/.stmcufinder/plugins/mcufinder/ => /home/hp/.stmcufinder/plugins/mcufinder
2024-08-12 15:39:31,960 [INFO] ApiDb:250 - Set database path to: /home/hp/.stmcufinder/plugins/mcufinder//mcu/
2024-08-12 15:39:31,960 [WARN] DbFile:41 - Overriding database path with different value: /home/hp/.stmcufinder/plugins/mcufinder/ => /home/hp/.stmcufinder/plugins/mcufinder
2024-08-12 15:39:31,960 [INFO] DbMcusAds:125 - Set database path to: /home/hp/.stmcufinder/plugins/mcufinder//mcu/
2024-08-12 15:39:31,960 [WARN] DbFile:41 - Overriding database path with different value: /home/hp/.stmcufinder/plugins/mcufinder/ => /home/hp/.stmcufinder/plugins/mcufinder
2024-08-12 15:39:31,960 [WARN] DbFile:41 - Overriding database path with different value: /home/hp/.stmcufinder/plugins/mcufinder/ => /home/hp/.stmcufinder/plugins/mcufinder
2024-08-12 15:39:31,960 [INFO] CrossReferenceDbSqlite:203 - Set database path to: /home/hp/.stmcufinder/plugins/mcufinder//mcu/cs/
2024-08-12 15:39:32,013 [INFO] MainPanel:264 - HeapMemory: 268435456
2024-08-12 15:39:32,083 [INFO] DbMcusXml:78 - Set database path to: /opt/st/stm32cubeide_1.15.0/plugins/com.st.stm32cube.common.mx_6.11.0.202403141607//db//mcu/
2024-08-12 15:39:32,083 [INFO] ApiDb:274 - Set plugin database path to: /opt/st/stm32cubeide_1.15.0/plugins/com.st.stm32cube.common.mx_6.11.0.202403141607//db//plugins/boardmanager/
2024-08-12 15:39:32,083 [INFO] ApiDb:261 - Set plugin images path to: /opt/st/stm32cubeide_1.15.0/plugins/com.st.stm32cube.common.mx_6.11.0.202403141607//db//plugins/mcufinder/images/
2024-08-12 15:39:32,083 [WARN] DbFile:41 - Overriding database path with different value: /home/hp/.stmcufinder/plugins/mcufinder/ => /home/hp/.stmcufinder/plugins/mcufinder
2024-08-12 15:39:32,083 [INFO] ApiDb:250 - Set database path to: /home/hp/.stmcufinder/plugins/mcufinder//mcu/
2024-08-12 15:39:32,083 [WARN] DbFile:41 - Overriding database path with different value: /home/hp/.stmcufinder/plugins/mcufinder/ => /home/hp/.stmcufinder/plugins/mcufinder
2024-08-12 15:39:32,083 [INFO] DbMcusAds:125 - Set database path to: /home/hp/.stmcufinder/plugins/mcufinder//mcu/
2024-08-12 15:39:32,084 [WARN] DbFile:41 - Overriding database path with different value: /home/hp/.stmcufinder/plugins/mcufinder/ => /home/hp/.stmcufinder/plugins/mcufinder
2024-08-12 15:39:32,084 [WARN] DbFile:41 - Overriding database path with different value: /home/hp/.stmcufinder/plugins/mcufinder/ => /home/hp/.stmcufinder/plugins/mcufinder
2024-08-12 15:39:32,084 [INFO] CrossReferenceDbSqlite:203 - Set database path to: /home/hp/.stmcufinder/plugins/mcufinder//mcu/cs/
2024-08-12 15:39:32,098 [INFO] ApplicationProperties:184 - Using Application install path: /opt/st/stm32cubeide_1.15.0/plugins/com.st.stm32cube.common.mx_6.11.0.202403141607
2024-08-12 15:39:32,099 [INFO] PluginManage:196 - Search for loadable plugins [exclusion list=, ]
2024-08-12 15:39:32,100 [INFO] PluginManage:310 - Check plugin analytics
2024-08-12 15:39:32,224 [INFO] AnalyticsPlugin:253 - Accepted Software Licenses: 
2024-08-12 15:39:32,224 [INFO] AnalyticsPlugin:255 - Accepted CMSIS Pack Licenses: 
2024-08-12 15:39:32,224 [INFO] AnalyticsPlugin:257 - Accepted Firmware Licenses: FW.F4.1.28.0
2024-08-12 15:39:32,227 [INFO] PluginManage:359 - Loaded plugin analytics (category:tool,tabindex:-1)
2024-08-12 15:39:32,228 [INFO] PluginManage:310 - Check plugin cadmodel
2024-08-12 15:39:32,246 [INFO] CADModel:105 - Init CAD model plugin
2024-08-12 15:39:32,247 [INFO] PluginManage:359 - Loaded plugin cadmodel (category:power,tabindex:5)
2024-08-12 15:39:32,247 [INFO] PluginManage:310 - Check plugin clock
2024-08-12 15:39:32,252 [INFO] PluginManage:359 - Loaded plugin clock (category:base,tabindex:2)
2024-08-12 15:39:32,253 [INFO] PluginManage:310 - Check plugin ddr
2024-08-12 15:39:32,254 [INFO] PluginManage:359 - Loaded plugin ddr (category:tool,tabindex:6)
2024-08-12 15:39:32,254 [INFO] PluginManage:310 - Check plugin filemanager
2024-08-12 15:39:32,348 [INFO] PluginManage:359 - Loaded plugin filemanager (category:base,tabindex:10)
2024-08-12 15:39:32,348 [INFO] PluginManage:310 - Check plugin ipmanager
2024-08-12 15:39:32,351 [INFO] PluginManage:359 - Loaded plugin ipmanager (category:base,tabindex:5)
2024-08-12 15:39:32,352 [INFO] PluginManage:310 - Check plugin lpbam
2024-08-12 15:39:32,358 [INFO] PluginManage:359 - Loaded plugin lpbam (category:base,tabindex:0)
2024-08-12 15:39:32,358 [INFO] PluginManage:310 - Check plugin memorymap
2024-08-12 15:39:32,364 [INFO] PluginManage:359 - Loaded plugin memorymap (category:base,tabindex:4)
2024-08-12 15:39:32,364 [INFO] PluginManage:310 - Check plugin pinoutandconfiguration
2024-08-12 15:39:32,368 [INFO] PluginManage:359 - Loaded plugin pinoutandconfiguration (category:base,tabindex:1)
2024-08-12 15:39:32,368 [INFO] PluginManage:310 - Check plugin pinoutconfig
2024-08-12 15:39:32,450 [WARN] SupportedApi:132 - Cannot load RTOS API schema: s4s-elt-must-match.1: The content of 'definitions' must match (annotation?, (simpleType | complexType)?, (unique | key | keyref)*)). A problem was found starting at: attribute.
2024-08-12 15:39:32,539 [INFO] PluginManage:359 - Loaded plugin pinoutconfig (category:base,tabindex:0)
2024-08-12 15:39:32,539 [INFO] PluginManage:310 - Check plugin power
2024-08-12 15:39:32,544 [INFO] PluginManage:359 - Loaded plugin power (category:power,tabindex:4)
2024-08-12 15:39:32,544 [INFO] PluginManage:310 - Check plugin projectmanager
2024-08-12 15:39:32,555 [INFO] PluginManage:359 - Loaded plugin projectmanager (category:projectmanager,tabindex:3)
2024-08-12 15:39:32,555 [INFO] PluginManage:310 - Check plugin thirdparty
2024-08-12 15:39:32,630 [INFO] PluginManage:359 - Loaded plugin thirdparty (category:base,tabindex:-1)
2024-08-12 15:39:32,630 [INFO] PluginManage:310 - Check plugin tools
2024-08-12 15:39:32,630 [WARN] IntegrityCheckThread:84 - waiting for thirdparty lock release [integrity check]
2024-08-12 15:39:32,630 [INFO] IntegrityCheckThread:86 - entering critical section [integrity check]
2024-08-12 15:39:32,630 [INFO] ThirdPartyUpdaterWithRetryManager:70 - Updater plugin not ready yet. [1/15]
2024-08-12 15:39:32,631 [INFO] PluginManage:359 - Loaded plugin tools (category:base,tabindex:7)
2024-08-12 15:39:32,631 [INFO] PluginManage:310 - Check plugin tutovideos
2024-08-12 15:39:32,739 [INFO] PluginManage:359 - Loaded plugin tutovideos (category:base,tabindex:-1)
2024-08-12 15:39:32,740 [INFO] PluginManage:310 - Check plugin updater
2024-08-12 15:39:32,746 [INFO] PluginManage:359 - Loaded plugin updater (category:base,tabindex:12)
2024-08-12 15:39:32,746 [INFO] PluginManage:310 - Check plugin userauth
2024-08-12 15:39:32,749 [INFO] UserAuth:114 - Init User Auth plugin
2024-08-12 15:39:32,749 [INFO] PluginManage:359 - Loaded plugin userauth (category:base,tabindex:14)
2024-08-12 15:39:32,750 [INFO] PluginManage:283 - PluginManage : Loaded plugins [17]
2024-08-12 15:39:32,862 [INFO] PinOutPanel:1561 - setPackage(No Configuration,No Configuration)
2024-08-12 15:39:32,899 [INFO] CADModel:165 - CPN selected for project level
2024-08-12 15:39:32,899 [INFO] CADModel:114 - Register for checkConnection events
2024-08-12 15:39:32,905 [INFO] IPUIPlugin:80 - create IPUIPlugin
2024-08-12 15:39:32,906 [INFO] PluginManager:220 - loadIPPluginJar : add genericplugin
2024-08-12 15:39:32,907 [INFO] IPUIPlugin:80 - create IPUIPlugin
2024-08-12 15:39:32,907 [INFO] PluginManager:220 - loadIPPluginJar : add tracer_emb
2024-08-12 15:39:32,910 [INFO] IPUIPlugin:80 - create IPUIPlugin
2024-08-12 15:39:32,910 [INFO] PluginManager:220 - loadIPPluginJar : add usart
2024-08-12 15:39:32,911 [INFO] IPUIPlugin:80 - create IPUIPlugin
2024-08-12 15:39:32,911 [INFO] PluginManager:220 - loadIPPluginJar : add ltdc
2024-08-12 15:39:32,912 [INFO] IPUIPlugin:80 - create IPUIPlugin
2024-08-12 15:39:32,912 [INFO] PluginManager:220 - loadIPPluginJar : add gfxmmu
2024-08-12 15:39:32,913 [INFO] IPUIPlugin:80 - create IPUIPlugin
2024-08-12 15:39:32,913 [INFO] PluginManager:220 - loadIPPluginJar : add usbx
2024-08-12 15:39:32,916 [INFO] IPUIPlugin:80 - create IPUIPlugin
2024-08-12 15:39:32,916 [INFO] PluginManager:220 - loadIPPluginJar : add freertos
2024-08-12 15:39:32,917 [INFO] IPUIPlugin:80 - create IPUIPlugin
2024-08-12 15:39:32,917 [INFO] PluginManager:220 - loadIPPluginJar : add dma3
2024-08-12 15:39:32,919 [INFO] IPUIPlugin:80 - create IPUIPlugin
2024-08-12 15:39:32,919 [INFO] PluginManager:220 - loadIPPluginJar : add touchsensing
2024-08-12 15:39:32,922 [INFO] IPUIPlugin:80 - create IPUIPlugin
2024-08-12 15:39:32,922 [INFO] PluginManager:220 - loadIPPluginJar : add resmgrutility
2024-08-12 15:39:32,923 [INFO] IPUIPlugin:80 - create IPUIPlugin
2024-08-12 15:39:32,923 [INFO] PluginManager:220 - loadIPPluginJar : add openamp
2024-08-12 15:39:32,925 [INFO] IPUIPlugin:80 - create IPUIPlugin
2024-08-12 15:39:32,925 [INFO] PluginManager:220 - loadIPPluginJar : add i3c
2024-08-12 15:39:32,926 [INFO] IPUIPlugin:80 - create IPUIPlugin
2024-08-12 15:39:32,926 [INFO] PluginManager:220 - loadIPPluginJar : add dfsdm
2024-08-12 15:39:32,926 [INFO] IPUIPlugin:80 - create IPUIPlugin
2024-08-12 15:39:32,926 [INFO] PluginManager:220 - loadIPPluginJar : add tsc
2024-08-12 15:39:32,927 [INFO] IPUIPlugin:80 - create IPUIPlugin
2024-08-12 15:39:32,927 [INFO] PluginManager:220 - loadIPPluginJar : add quadspi
2024-08-12 15:39:32,928 [INFO] IPUIPlugin:80 - create IPUIPlugin
2024-08-12 15:39:32,928 [INFO] PluginManager:220 - loadIPPluginJar : add hash
2024-08-12 15:39:32,932 [INFO] IPUIPlugin:80 - create IPUIPlugin
2024-08-12 15:39:32,932 [INFO] PluginManager:220 - loadIPPluginJar : add dma
2024-08-12 15:39:32,935 [INFO] IPUIPlugin:80 - create IPUIPlugin
2024-08-12 15:39:32,935 [INFO] PluginManager:220 - loadIPPluginJar : add adc
2024-08-12 15:39:32,936 [INFO] IPUIPlugin:80 - create IPUIPlugin
2024-08-12 15:39:32,937 [INFO] PluginManager:220 - loadIPPluginJar : add tim
2024-08-12 15:39:32,938 [INFO] IPUIPlugin:80 - create IPUIPlugin
2024-08-12 15:39:32,938 [INFO] PluginManager:220 - loadIPPluginJar : add extmemmanager
2024-08-12 15:39:32,939 [INFO] IPUIPlugin:80 - create IPUIPlugin
2024-08-12 15:39:32,939 [INFO] PluginManager:220 - loadIPPluginJar : add i2s
2024-08-12 15:39:32,940 [INFO] IPUIPlugin:80 - create IPUIPlugin
2024-08-12 15:39:32,940 [INFO] PluginManager:220 - loadIPPluginJar : add comp
2024-08-12 15:39:32,943 [INFO] IPUIPlugin:80 - create IPUIPlugin
2024-08-12 15:39:32,943 [INFO] PluginManager:220 - loadIPPluginJar : add stm32_wpan
2024-08-12 15:39:32,944 [INFO] IPUIPlugin:80 - create IPUIPlugin
2024-08-12 15:39:32,944 [INFO] PluginManager:220 - loadIPPluginJar : add spi
2024-08-12 15:39:32,945 [INFO] IPUIPlugin:80 - create IPUIPlugin
2024-08-12 15:39:32,946 [INFO] PluginManager:220 - loadIPPluginJar : add pdm2pcm
2024-08-12 15:39:32,947 [INFO] IPUIPlugin:80 - create IPUIPlugin
2024-08-12 15:39:32,947 [INFO] PluginManager:220 - loadIPPluginJar : add can
2024-08-12 15:39:32,948 [INFO] IPUIPlugin:80 - create IPUIPlugin
2024-08-12 15:39:32,948 [INFO] PluginManager:220 - loadIPPluginJar : add gtzc
2024-08-12 15:39:32,949 [INFO] IPUIPlugin:80 - create IPUIPlugin
2024-08-12 15:39:32,949 [INFO] PluginManager:220 - loadIPPluginJar : add lorawan
2024-08-12 15:39:32,950 [INFO] IPUIPlugin:80 - create IPUIPlugin
2024-08-12 15:39:32,950 [INFO] PluginManager:220 - loadIPPluginJar : add fatfs
2024-08-12 15:39:32,954 [INFO] IPUIPlugin:80 - create IPUIPlugin
2024-08-12 15:39:32,955 [INFO] PluginManager:220 - loadIPPluginJar : add plateformsettings
2024-08-12 15:39:32,957 [INFO] IPUIPlugin:80 - create IPUIPlugin
2024-08-12 15:39:32,957 [INFO] PluginManager:220 - loadIPPluginJar : add opamp
2024-08-12 15:39:32,961 [INFO] IPUIPlugin:80 - create IPUIPlugin
2024-08-12 15:39:32,961 [INFO] PluginManager:220 - loadIPPluginJar : add mdma
2024-08-12 15:39:32,965 [INFO] IPUIPlugin:80 - create IPUIPlugin
2024-08-12 15:39:32,965 [INFO] PluginManager:220 - loadIPPluginJar : add linkedlist
2024-08-12 15:39:32,967 [INFO] IPUIPlugin:80 - create IPUIPlugin
2024-08-12 15:39:32,967 [INFO] PluginManager:220 - loadIPPluginJar : add sai
2024-08-12 15:39:32,968 [INFO] IPUIPlugin:80 - create IPUIPlugin
2024-08-12 15:39:32,968 [INFO] PluginManager:220 - loadIPPluginJar : add ts
2024-08-12 15:39:32,969 [INFO] IPUIPlugin:80 - create IPUIPlugin
2024-08-12 15:39:32,969 [INFO] PluginManager:220 - loadIPPluginJar : add cryp
2024-08-12 15:39:32,970 [INFO] IPUIPlugin:80 - create IPUIPlugin
2024-08-12 15:39:32,970 [INFO] PluginManager:220 - loadIPPluginJar : add ucpd
2024-08-12 15:39:32,972 [INFO] IPUIPlugin:80 - create IPUIPlugin
2024-08-12 15:39:32,972 [INFO] PluginManager:220 - loadIPPluginJar : add fmc
2024-08-12 15:39:32,974 [INFO] IPUIPlugin:80 - create IPUIPlugin
2024-08-12 15:39:32,975 [INFO] PluginManager:220 - loadIPPluginJar : add gic
2024-08-12 15:39:32,976 [INFO] IPUIPlugin:80 - create IPUIPlugin
2024-08-12 15:39:32,976 [INFO] PluginManager:220 - loadIPPluginJar : add nvic
2024-08-12 15:39:32,977 [INFO] IPUIPlugin:80 - create IPUIPlugin
2024-08-12 15:39:32,977 [INFO] PluginManager:220 - loadIPPluginJar : add i2c
2024-08-12 15:39:32,979 [INFO] IPUIPlugin:80 - create IPUIPlugin
2024-08-12 15:39:32,979 [INFO] PluginManager:220 - loadIPPluginJar : add gpio
2024-08-12 15:39:32,980 [INFO] IPUIPlugin:80 - create IPUIPlugin
2024-08-12 15:39:32,980 [INFO] PluginManager:220 - loadIPPluginJar : add aes
2024-08-12 15:39:32,981 [INFO] IPUIPlugin:80 - create IPUIPlugin
2024-08-12 15:39:32,981 [INFO] PluginManager:220 - loadIPPluginJar : add ipddr
2024-08-12 15:39:33,071 [INFO] CADModel:165 - CPN selected for project level
2024-08-12 15:39:33,071 [INFO] CADModel:114 - Register for checkConnection events
2024-08-12 15:39:33,071 [FATAL] Updater:308 - Updater called before beeing initialized
2024-08-12 15:39:33,071 [ERROR] CADModel:125 - Updater not yet initialized, retry later 
2024-08-12 15:39:33,141 [INFO] CADModel:165 - CPN selected for project level
2024-08-12 15:39:33,141 [INFO] CADModel:114 - Register for checkConnection events
2024-08-12 15:39:33,141 [FATAL] Updater:308 - Updater called before beeing initialized
2024-08-12 15:39:33,141 [ERROR] CADModel:125 - Updater not yet initialized, retry later 
2024-08-12 15:39:33,143 [FATAL] Updater:308 - Updater called before beeing initialized
2024-08-12 15:39:33,193 [FATAL] Updater:308 - Updater called before beeing initialized
2024-08-12 15:39:33,195 [INFO] DbMcusAds:53 - JSON generation date=Thu May 16 14:52:00 IST 2024 (1715851320667)
2024-08-12 15:39:33,195 [FATAL] Updater:308 - Updater called before beeing initialized
2024-08-12 15:39:33,218 [WARN] DetailPanel:346 - Failed to get advertising image, set to default
2024-08-12 15:39:33,295 [FATAL] Updater:308 - Updater called before beeing initialized
2024-08-12 15:39:33,297 [FATAL] Updater:308 - Updater called before beeing initialized
2024-08-12 15:39:33,297 [FATAL] Updater:308 - Updater called before beeing initialized
2024-08-12 15:39:33,297 [WARN] DetailPanel:346 - Failed to get advertising image, set to default
2024-08-12 15:39:33,297 [FATAL] Updater:308 - Updater called before beeing initialized
2024-08-12 15:39:33,317 [ERROR] Updater:1120 - MainUpdater not yet initialized. External WinMGr cannot be set.
2024-08-12 15:39:33,318 [INFO] Updater:1056 - Updater Version found : 6.11.0
2024-08-12 15:39:33,329 [INFO] ApplicationProperties:184 - Using Application install path: /opt/st/stm32cubeide_1.15.0/plugins/com.st.stm32cube.common.mx_6.11.0.202403141607
2024-08-12 15:39:33,337 [ERROR] LogOutputStream:75 - [STDERR_REDIRECT] Aug 12, 2024 3:39:33 PM java.util.prefs.FileSystemPreferences$2 run
2024-08-12 15:39:33,337 [ERROR] LogOutputStream:75 - [STDERR_REDIRECT] WARNING: Could not create system preferences directory. System preferences are unusable.
2024-08-12 15:39:33,337 [ERROR] LogOutputStream:75 - [STDERR_REDIRECT] 
2024-08-12 15:39:33,547 [INFO] MainUpdater:2873 - connection check result : 10
2024-08-12 15:39:33,548 [INFO] MainUpdater:290 - Updater Check For Update Now.
2024-08-12 15:39:33,548 [INFO] MicroXplorer:498 - Change Database Version : DB.6.0.110
2024-08-12 15:39:33,551 [INFO] McuFinderGlobals:63 - Set McuFinder mode to 2 (CubeIDE integrated)
2024-08-12 15:39:33,554 [INFO] UserAuth:415 - Internet connection configuration mode: 1
2024-08-12 15:39:33,561 [INFO] JxBrowserEngine:152 - Initiate JxBrowser Engine with user profile folder
2024-08-12 15:39:33,730 [INFO] CheckServerUpdateThread:120 - End of CheckServer Thread
2024-08-12 15:39:33,949 [INFO] WebApp:161 - Instantiating new browser for Auth
2024-08-12 15:39:34,240 [INFO] WebApp:779 - Register for checkConnection events
2024-08-12 15:39:34,240 [INFO] WebApp:414 - Apply proxy settings
2024-08-12 15:39:34,240 [INFO] WebApp:499 - Chromium requires no authentication
2024-08-12 15:39:34,244 [INFO] WebApp:442 - Direct internet connection detected
2024-08-12 15:39:34,334 [INFO] WebApp:192 - Starting web application
2024-08-12 15:39:34,334 [INFO] WebApp:544 - Web application path used /opt/st/stm32cubeide_1.15.0/plugins/com.st.stm32cube.common.mx_6.11.0.202403141607/db/plugins/mcufinder/reactClient1/index.html
2024-08-12 15:39:35,717 [WARN] PackLoader:240 - Cannot read IP mode file for STMicroelectronics.FP-SNS-MOTENVWB1.1.4.0
2024-08-12 15:39:35,729 [WARN] PackLoader:240 - Cannot read IP mode file for STMicroelectronics.X-CUBE-SMBUS.2.1.0
2024-08-12 15:39:35,731 [WARN] PackLoader:240 - Cannot read IP mode file for STMicroelectronics.X-CUBE-TOUCHGFX.4.23.1
2024-08-12 15:39:35,733 [WARN] PackLoader:240 - Cannot read IP mode file for STMicroelectronics.X-CUBE-TOUCHGFX.4.23.0
2024-08-12 15:39:35,735 [WARN] PackLoader:240 - Cannot read IP mode file for STMicroelectronics.X-CUBE-TOUCHGFX.4.23.2
2024-08-12 15:39:35,764 [WARN] PackLoader:240 - Cannot read IP mode file for STMicroelectronics.X-CUBE-AZRTOS-F7.1.1.0
2024-08-12 15:39:35,774 [WARN] PackLoader:240 - Cannot read IP mode file for STMicroelectronics.FP-SNS-MOTENV1.4.3.2
2024-08-12 15:39:35,780 [WARN] PackLoader:240 - Cannot read IP mode file for STMicroelectronics.FP-SNS-FLIGHT1.5.0.2
2024-08-12 15:39:35,786 [WARN] PackLoader:240 - Cannot read IP mode file for STMicroelectronics.X-CUBE-DISPLAY.3.0.0
2024-08-12 15:39:35,798 [WARN] PackLoader:240 - Cannot read IP mode file for STMicroelectronics.X-CUBE-BLE1.7.0.0
2024-08-12 15:39:35,810 [WARN] PackLoader:240 - Cannot read IP mode file for emotas.I-CUBE-CANOPEN.1.3.0
2024-08-12 15:39:35,829 [WARN] PackLoader:240 - Cannot read IP mode file for STMicroelectronics.X-CUBE-BLEMGR.3.1.0
2024-08-12 15:39:35,836 [WARN] PackLoader:240 - Cannot read IP mode file for STMicroelectronics.FP-SNS-SMARTAG2.1.2.0
2024-08-12 15:39:35,847 [INFO] LogOutputStream:77 - [STDOUT_REDIRECT] 1 : Invalid condition id : UX_CORESTACK_Condition cause : null
2024-08-12 15:39:35,847 [INFO] LogOutputStream:77 - [STDOUT_REDIRECT] 1 : Invalid condition id : UX_CORESTACK_Condition cause : null
2024-08-12 15:39:35,848 [INFO] LogOutputStream:77 - [STDOUT_REDIRECT] 1 : Invalid condition id : UX_CORESTACK_Condition cause : null
2024-08-12 15:39:35,848 [INFO] LogOutputStream:77 - [STDOUT_REDIRECT] 1 : Invalid condition id : UX_CORESTACK_Condition cause : null
2024-08-12 15:39:35,848 [INFO] LogOutputStream:77 - [STDOUT_REDIRECT] 1 : Invalid condition id : UX_CORESTACK_Condition cause : null
2024-08-12 15:39:35,853 [WARN] PackLoader:240 - Cannot read IP mode file for STMicroelectronics.X-CUBE-AZRTOS-WL.2.0.0
2024-08-12 15:39:35,861 [WARN] PackLoader:240 - Cannot read IP mode file for STMicroelectronics.FP-SNS-MOTENV1.5.0.0
2024-08-12 15:39:35,865 [WARN] PackLoader:240 - Cannot read IP mode file for wolfSSL.I-CUBE-wolfMQTT.1.19.0
2024-08-12 15:39:35,871 [WARN] PackLoader:240 - Cannot read IP mode file for WES.I-CUBE-Cesium.1.3.0
2024-08-12 15:39:35,877 [WARN] PackLoader:240 - Cannot read IP mode file for STMicroelectronics.X-CUBE-BLE2.3.3.0
2024-08-12 15:39:35,882 [WARN] PackLoader:240 - Cannot read IP mode file for STMicroelectronics.X-CUBE-TCPP.4.1.0
2024-08-12 15:39:35,889 [WARN] PackLoader:240 - Cannot read IP mode file for STMicroelectronics.X-CUBE-ALGOBUILD.1.3.0
2024-08-12 15:39:35,907 [WARN] PackLoader:240 - Cannot read IP mode file for STMicroelectronics.X-CUBE-AZRTOS-G0.1.1.0
2024-08-12 15:39:35,915 [WARN] PackLoader:240 - Cannot read IP mode file for STMicroelectronics.X-CUBE-SAFEA1.1.2.2
2024-08-12 15:39:35,922 [WARN] PackLoader:240 - Cannot read IP mode file for STMicroelectronics.X-CUBE-NFC4.3.0.0
2024-08-12 15:39:35,928 [WARN] PackLoader:240 - Cannot read IP mode file for wolfSSL.I-CUBE-wolfMQTT.1.18.0
2024-08-12 15:39:35,934 [WARN] PackLoader:240 - Cannot read IP mode file for EmbeddedOffice.I-CUBE-FS-RTOS.1.0.1
2024-08-12 15:39:35,934 [ERROR] ConditionMgr:805 - Attr not supported : Dmpu
2024-08-12 15:39:35,934 [ERROR] ConditionMgr:805 - Attr not supported : Dmpu
2024-08-12 15:39:35,934 [ERROR] ConditionMgr:805 - Attr not supported : Dmpu
2024-08-12 15:39:35,934 [ERROR] ConditionMgr:805 - Attr not supported : Dmpu
2024-08-12 15:39:35,934 [ERROR] ConditionMgr:805 - Attr not supported : Dmpu
2024-08-12 15:39:35,935 [ERROR] ConditionMgr:805 - Attr not supported : Dmpu
2024-08-12 15:39:35,935 [ERROR] ConditionMgr:805 - Attr not supported : Dmpu
2024-08-12 15:39:35,935 [ERROR] ConditionMgr:805 - Attr not supported : Dmpu
2024-08-12 15:39:35,935 [ERROR] ConditionMgr:805 - Attr not supported : Dmpu
2024-08-12 15:39:35,935 [ERROR] ConditionMgr:805 - Attr not supported : Dmpu
2024-08-12 15:39:35,935 [ERROR] ConditionMgr:805 - Attr not supported : Dmpu
2024-08-12 15:39:35,935 [ERROR] ConditionMgr:805 - Attr not supported : Dmpu
2024-08-12 15:39:35,935 [ERROR] ConditionMgr:805 - Attr not supported : Dmpu
2024-08-12 15:39:35,935 [ERROR] ConditionMgr:805 - Attr not supported : Dmpu
2024-08-12 15:39:35,935 [ERROR] ConditionMgr:805 - Attr not supported : Dmpu
2024-08-12 15:39:35,935 [ERROR] ConditionMgr:805 - Attr not supported : Dmpu
2024-08-12 15:39:35,935 [ERROR] ConditionMgr:805 - Attr not supported : Dmpu
2024-08-12 15:39:35,935 [ERROR] ConditionMgr:805 - Attr not supported : Dmpu
2024-08-12 15:39:35,935 [ERROR] ConditionMgr:805 - Attr not supported : Dmpu
2024-08-12 15:39:35,935 [ERROR] ConditionMgr:805 - Attr not supported : Dmpu
2024-08-12 15:39:35,935 [ERROR] ConditionMgr:805 - Attr not supported : Dmpu
2024-08-12 15:39:35,935 [ERROR] ConditionMgr:805 - Attr not supported : Dmpu
2024-08-12 15:39:35,936 [ERROR] ConditionMgr:805 - Attr not supported : Dmpu
2024-08-12 15:39:35,936 [ERROR] ConditionMgr:805 - Attr not supported : Dmpu
2024-08-12 15:39:35,936 [ERROR] ConditionMgr:805 - Attr not supported : Dmpu
2024-08-12 15:39:35,936 [ERROR] ConditionMgr:805 - Attr not supported : Dmpu
2024-08-12 15:39:35,936 [ERROR] ConditionMgr:805 - Attr not supported : Dmpu
2024-08-12 15:39:35,936 [ERROR] ConditionMgr:805 - Attr not supported : Dmpu
2024-08-12 15:39:35,936 [ERROR] ConditionMgr:805 - Attr not supported : Dmpu
2024-08-12 15:39:35,936 [ERROR] ConditionMgr:805 - Attr not supported : Dmpu
2024-08-12 15:39:35,936 [ERROR] ConditionMgr:805 - Attr not supported : Dmpu
2024-08-12 15:39:35,936 [ERROR] ConditionMgr:805 - Attr not supported : Dmpu
2024-08-12 15:39:35,936 [ERROR] ConditionMgr:805 - Attr not supported : Dmpu
2024-08-12 15:39:35,936 [ERROR] ConditionMgr:805 - Attr not supported : Dmpu
2024-08-12 15:39:35,936 [ERROR] ConditionMgr:805 - Attr not supported : Dmpu
2024-08-12 15:39:35,936 [ERROR] ConditionMgr:805 - Attr not supported : Dmpu
2024-08-12 15:39:35,936 [ERROR] ConditionMgr:805 - Attr not supported : Dmpu
2024-08-12 15:39:35,936 [ERROR] ConditionMgr:805 - Attr not supported : Dmpu
2024-08-12 15:39:35,936 [ERROR] ConditionMgr:805 - Attr not supported : Dmpu
2024-08-12 15:39:35,937 [ERROR] ConditionMgr:805 - Attr not supported : Dmpu
2024-08-12 15:39:35,937 [ERROR] ConditionMgr:805 - Attr not supported : Dmpu
2024-08-12 15:39:35,937 [ERROR] ConditionMgr:805 - Attr not supported : Dmpu
2024-08-12 15:39:35,937 [ERROR] ConditionMgr:805 - Attr not supported : Dmpu
2024-08-12 15:39:35,937 [ERROR] ConditionMgr:805 - Attr not supported : Dmpu
2024-08-12 15:39:35,937 [ERROR] ConditionMgr:805 - Attr not supported : Dmpu
2024-08-12 15:39:35,937 [ERROR] ConditionMgr:805 - Attr not supported : Dmpu
2024-08-12 15:39:35,937 [ERROR] ConditionMgr:805 - Attr not supported : Dmpu
2024-08-12 15:39:35,937 [ERROR] ConditionMgr:805 - Attr not supported : Dmpu
2024-08-12 15:39:35,937 [ERROR] ConditionMgr:805 - Attr not supported : Dmpu
2024-08-12 15:39:35,937 [ERROR] ConditionMgr:805 - Attr not supported : Dmpu
2024-08-12 15:39:35,937 [ERROR] ConditionMgr:805 - Attr not supported : Dmpu
2024-08-12 15:39:35,937 [ERROR] ConditionMgr:805 - Attr not supported : Dmpu
2024-08-12 15:39:35,937 [ERROR] ConditionMgr:805 - Attr not supported : Dmpu
2024-08-12 15:39:35,937 [ERROR] ConditionMgr:805 - Attr not supported : Dmpu
2024-08-12 15:39:35,937 [ERROR] ConditionMgr:805 - Attr not supported : Dmpu
2024-08-12 15:39:35,937 [ERROR] ConditionMgr:805 - Attr not supported : Dmpu
2024-08-12 15:39:35,938 [ERROR] ConditionMgr:805 - Attr not supported : Dmpu
2024-08-12 15:39:35,938 [ERROR] ConditionMgr:805 - Attr not supported : Dmpu
2024-08-12 15:39:35,938 [ERROR] ConditionMgr:805 - Attr not supported : Dmpu
2024-08-12 15:39:35,938 [ERROR] ConditionMgr:805 - Attr not supported : Dmpu
2024-08-12 15:39:35,938 [ERROR] ConditionMgr:805 - Attr not supported : Dmpu
2024-08-12 15:39:35,938 [ERROR] ConditionMgr:805 - Attr not supported : Dmpu
2024-08-12 15:39:35,938 [ERROR] ConditionMgr:805 - Attr not supported : Dmpu
2024-08-12 15:39:35,938 [ERROR] ConditionMgr:805 - Attr not supported : Dmpu
2024-08-12 15:39:35,943 [WARN] PackLoader:240 - Cannot read IP mode file for RealThread.X-CUBE-RT-Thread_Nano.4.1.1
2024-08-12 15:39:35,945 [WARN] PackLoader:240 - Cannot read IP mode file for STMicroelectronics.FP-ATR-SIGFOX1.3.2.0
2024-08-12 15:39:35,948 [WARN] PackLoader:240 - Cannot read IP mode file for STMicroelectronics.X-CUBE-EEPRMA1.5.1.0
2024-08-12 15:39:35,969 [WARN] PackLoader:240 - Cannot read IP mode file for SEGGER.I-CUBE-embOS.1.3.1
2024-08-12 15:39:36,010 [WARN] PackLoader:240 - Cannot read IP mode file for STMicroelectronics.X-CUBE-ALGOBUILD.1.4.0
2024-08-12 15:39:36,016 [WARN] PackLoader:240 - Cannot read IP mode file for STMicroelectronics.X-CUBE-GNSS1.6.0.0
2024-08-12 15:39:36,033 [WARN] PackLoader:240 - Cannot read IP mode file for STMicroelectronics.X-CUBE-AZRTOS-F4.1.1.0
2024-08-12 15:39:36,040 [WARN] PackLoader:240 - Cannot read IP mode file for STMicroelectronics.X-CUBE-FREERTOS.1.2.0
2024-08-12 15:39:36,044 [WARN] PackLoader:240 - Cannot read IP mode file for wolfSSL.I-CUBE-wolfSSL.5.6.6
2024-08-12 15:39:36,052 [WARN] PackLoader:240 - Cannot read IP mode file for STMicroelectronics.X-CUBE-AZRTOS-L5.2.0.0
2024-08-12 15:39:36,059 [WARN] PackLoader:240 - Cannot read IP mode file for STMicroelectronics.X-CUBE-NFC6.3.1.0
2024-08-12 15:39:36,064 [WARN] PackLoader:240 - Cannot read IP mode file for ITTIA_DB.I-CUBE-ITTIADB.8.8.0
2024-08-12 15:39:36,066 [WARN] PackLoader:240 - Cannot read IP mode file for STMicroelectronics.X-CUBE-AI.9.0.0
2024-08-12 15:39:36,068 [WARN] PackLoader:240 - Cannot read IP mode file for STMicroelectronics.X-CUBE-NFC7.1.0.1
2024-08-12 15:39:36,072 [WARN] PackLoader:240 - Cannot read IP mode file for wolfSSL.I-CUBE-wolfTPM.3.2.0
2024-08-12 15:39:36,075 [WARN] PackLoader:240 - Cannot read IP mode file for STMicroelectronics.X-CUBE-AI.8.1.0
2024-08-12 15:39:36,085 [WARN] ConditionMgr:438 - getConditionDescription Invalid condition id : LAN8742 Phy interface Condition cause : null
2024-08-12 15:39:36,085 [WARN] PackLoader:240 - Cannot read IP mode file for STMicroelectronics.X-CUBE-AZRTOS-L4.2.0.0
2024-08-12 15:39:36,087 [WARN] ConditionMgr:1039 - genDependencies : Invalid condition id : LAN8742 Phy interface Condition cause : null
2024-08-12 15:39:36,087 [WARN] ConditionMgr:1039 - genDependencies : Invalid condition id : LAN8742 Phy interface Condition cause : null
2024-08-12 15:39:36,088 [WARN] ConditionMgr:1039 - genDependencies : Invalid condition id : LAN8742 Phy interface Condition cause : null
2024-08-12 15:39:36,095 [WARN] PackLoader:240 - Cannot read IP mode file for STMicroelectronics.X-CUBE-SFXS2LP1.4.0.0
2024-08-12 15:39:36,101 [WARN] ConditionMgr:438 - getConditionDescription Invalid condition id : UX DEVICE CLASS RTOS Condition cause : null
2024-08-12 15:39:36,101 [WARN] ConditionMgr:438 - getConditionDescription Invalid condition id : UX DEVICE CLASS RTOS Condition cause : null
2024-08-12 15:39:36,103 [WARN] PackLoader:240 - Cannot read IP mode file for STMicroelectronics.X-CUBE-AZRTOS-WB.2.0.0
2024-08-12 15:39:36,103 [WARN] ConditionMgr:1039 - genDependencies : Invalid condition id : UX DEVICE CLASS RTOS Condition cause : null
2024-08-12 15:39:36,103 [WARN] ConditionMgr:1039 - genDependencies : Invalid condition id : UX DEVICE CLASS RTOS Condition cause : null
2024-08-12 15:39:36,103 [WARN] ConditionMgr:1039 - genDependencies : Invalid condition id : UX DEVICE CLASS RTOS Condition cause : null
2024-08-12 15:39:36,104 [WARN] ConditionMgr:1039 - genDependencies : Invalid condition id : UX DEVICE CLASS RTOS Condition cause : null
2024-08-12 15:39:36,104 [WARN] ConditionMgr:1039 - genDependencies : Invalid condition id : UX DEVICE CLASS RTOS Condition cause : null
2024-08-12 15:39:36,109 [WARN] PackLoader:240 - Cannot read IP mode file for STMicroelectronics.FP-SNS-STBOX1.2.0.0
2024-08-12 15:39:36,115 [WARN] PackLoader:240 - Cannot read IP mode file for STMicroelectronics.X-CUBE-SUBG2.5.0.0
2024-08-12 15:39:36,128 [WARN] PackLoader:240 - Cannot read IP mode file for STMicroelectronics.X-CUBE-AZRTOS-G4.2.0.0
2024-08-12 15:39:36,135 [WARN] PackLoader:240 - Cannot read IP mode file for Infineon.AIROC-Wi-Fi-Bluetooth-STM32.1.5.1
2024-08-12 15:39:36,141 [WARN] PackLoader:240 - Cannot read IP mode file for STMicroelectronics.FP-SNS-MOTENVWB1.1.3.1
2024-08-12 15:39:36,144 [WARN] PackLoader:240 - Cannot read IP mode file for STMicroelectronics.X-CUBE-ISPU.2.0.0
2024-08-12 15:39:36,147 [WARN] PackLoader:240 - Cannot read IP mode file for STMicroelectronics.X-CUBE-ALS.1.0.2
2024-08-12 15:39:36,181 [WARN] PackLoader:240 - Cannot read IP mode file for STMicroelectronics.X-CUBE-MEMS1.10.0.0
2024-08-12 15:39:36,269 [WARN] PackLoader:240 - Cannot read IP mode file for STMicroelectronics.X-CUBE-FREERTOS.1.1.0
2024-08-12 15:39:36,272 [WARN] PackLoader:240 - Cannot read IP mode file for portGmbH.I-Cube-SoM-uGOAL.1.1.0
2024-08-12 15:39:36,275 [WARN] PackLoader:240 - Cannot read IP mode file for STMicroelectronics.X-CUBE-ALS.1.0.1
2024-08-12 15:39:36,284 [WARN] PackLoader:240 - Cannot read IP mode file for STMicroelectronics.X-CUBE-AZRTOS-H7RS.1.0.0
2024-08-12 15:39:36,290 [WARN] PackLoader:240 - Cannot read IP mode file for STMicroelectronics.FP-ATR-ASTRA1.2.0.0
2024-08-12 15:39:36,297 [WARN] PackLoader:240 - Cannot read IP mode file for STMicroelectronics.X-CUBE-TOF1.3.4.2
2024-08-12 15:39:36,311 [WARN] PackLoader:240 - Cannot read IP mode file for STMicroelectronics.X-CUBE-TOF1.3.4.1
2024-08-12 15:39:36,331 [WARN] PackLoader:240 - Cannot read IP mode file for STMicroelectronics.X-CUBE-AZRTOS-H7.3.2.0
2024-08-12 15:39:36,334 [WARN] PackLoader:240 - Cannot read IP mode file for wolfSSL.I-CUBE-wolfSSH.1.4.17
2024-08-12 15:39:36,335 [INFO] ThirdParty:978 - Integrity check success = true
2024-08-12 15:39:36,335 [INFO] IntegrityCheckThread:100 - exiting critical section [integrity check]
2024-08-12 15:39:36,335 [INFO] IntegrityCheckThread:103 - End integrity checks thread
2024-08-12 15:40:00,567 [ERROR] LogOutputStream:75 - [STDERR_REDIRECT] Aug 12, 2024 3:40:00 PM java.util.prefs.FileSystemPreferences checkLockFile0ErrorCode
2024-08-12 15:40:00,568 [ERROR] LogOutputStream:75 - [STDERR_REDIRECT] WARNING: Could not lock System prefs. Unix error code 28786.
2024-08-12 15:40:00,568 [ERROR] LogOutputStream:75 - [STDERR_REDIRECT] 
2024-08-12 15:40:00,568 [ERROR] LogOutputStream:75 - [STDERR_REDIRECT] Aug 12, 2024 3:40:00 PM java.util.prefs.FileSystemPreferences syncWorld
2024-08-12 15:40:00,569 [ERROR] LogOutputStream:75 - [STDERR_REDIRECT] WARNING: Couldn't flush system prefs: java.util.prefs.BackingStoreException: Couldn't get file lock.
2024-08-12 15:40:00,569 [ERROR] LogOutputStream:75 - [STDERR_REDIRECT] 
2024-08-12 15:40:30,562 [ERROR] LogOutputStream:75 - [STDERR_REDIRECT] Aug 12, 2024 3:40:30 PM java.util.prefs.FileSystemPreferences checkLockFile0ErrorCode
2024-08-12 15:40:30,562 [ERROR] LogOutputStream:75 - [STDERR_REDIRECT] WARNING: Could not lock System prefs. Unix error code 28786.
2024-08-12 15:40:30,562 [ERROR] LogOutputStream:75 - [STDERR_REDIRECT] 
2024-08-12 15:40:30,563 [ERROR] LogOutputStream:75 - [STDERR_REDIRECT] Aug 12, 2024 3:40:30 PM java.util.prefs.FileSystemPreferences syncWorld
2024-08-12 15:40:30,563 [ERROR] LogOutputStream:75 - [STDERR_REDIRECT] WARNING: Couldn't flush system prefs: java.util.prefs.BackingStoreException: Couldn't get file lock.
2024-08-12 15:40:30,563 [ERROR] LogOutputStream:75 - [STDERR_REDIRECT] 
2024-08-12 15:41:00,562 [ERROR] LogOutputStream:75 - [STDERR_REDIRECT] Aug 12, 2024 3:41:00 PM java.util.prefs.FileSystemPreferences checkLockFile0ErrorCode
2024-08-12 15:41:00,562 [ERROR] LogOutputStream:75 - [STDERR_REDIRECT] WARNING: Could not lock System prefs. Unix error code 28786.
2024-08-12 15:41:00,562 [ERROR] LogOutputStream:75 - [STDERR_REDIRECT] 
2024-08-12 15:41:00,562 [ERROR] LogOutputStream:75 - [STDERR_REDIRECT] Aug 12, 2024 3:41:00 PM java.util.prefs.FileSystemPreferences syncWorld
2024-08-12 15:41:00,562 [ERROR] LogOutputStream:75 - [STDERR_REDIRECT] WARNING: Couldn't flush system prefs: java.util.prefs.BackingStoreException: Couldn't get file lock.
2024-08-12 15:41:00,562 [ERROR] LogOutputStream:75 - [STDERR_REDIRECT] 
2024-08-12 15:41:06,511 [ERROR] LogOutputStream:75 - [STDERR_REDIRECT] 
