2024-08-08 20:29:08,023 [INFO] Activator:176 - 


2024-08-08 20:29:08,024 [INFO] Activator:177 - !SESSION log4j initialized
2024-08-08 20:29:09,413 [INFO] LogOutputStream:77 - [STDOUT_REDIRECT] 
2024-08-08 20:29:11,071 [INFO] ApplicationProperties:184 - Using Application install path: /opt/st/stm32cubeide_1.15.0/plugins/com.st.stm32cube.common.mx_6.11.0.202403141607
2024-08-08 20:29:11,084 [INFO] DbMcusXml:78 - Set database path to: /opt/st/stm32cubeide_1.15.0/plugins/com.st.stm32cube.common.mx_6.11.0.202403141607//db//mcu/
2024-08-08 20:29:11,085 [INFO] ApiDb:274 - Set plugin database path to: /opt/st/stm32cubeide_1.15.0/plugins/com.st.stm32cube.common.mx_6.11.0.202403141607//db//plugins/boardmanager/
2024-08-08 20:29:11,085 [WARN] ApiDb:259 - Overriding images path with different value:  => /opt/st/stm32cubeide_1.15.0/plugins/com.st.stm32cube.common.mx_6.11.0.202403141607//db//plugins/mcufinder/images/
2024-08-08 20:29:11,089 [INFO] ApiDb:250 - Set database path to: /home/akshaypotdar/.stmcufinder/plugins/mcufinder//mcu/
2024-08-08 20:29:11,091 [INFO] DbMcusAds:125 - Set database path to: /home/akshaypotdar/.stmcufinder/plugins/mcufinder//mcu/
2024-08-08 20:29:11,092 [INFO] CrossReferenceDbSqlite:203 - Set database path to: /home/akshaypotdar/.stmcufinder/plugins/mcufinder//mcu/cs/
2024-08-08 20:29:11,188 [INFO] RulesReader:64 - Compatibility file has been processed (297 Rules)
2024-08-08 20:29:11,236 [INFO] DbMcusXml:78 - Set database path to: /opt/st/stm32cubeide_1.15.0/plugins/com.st.stm32cube.common.mx_6.11.0.202403141607//db//mcu/
2024-08-08 20:29:11,236 [INFO] ApiDb:274 - Set plugin database path to: /opt/st/stm32cubeide_1.15.0/plugins/com.st.stm32cube.common.mx_6.11.0.202403141607//db//plugins/boardmanager/
2024-08-08 20:29:11,236 [INFO] ApiDb:261 - Set plugin images path to: /opt/st/stm32cubeide_1.15.0/plugins/com.st.stm32cube.common.mx_6.11.0.202403141607//db//plugins/mcufinder/images/
2024-08-08 20:29:11,236 [WARN] DbFile:41 - Overriding database path with different value: /home/akshaypotdar/.stmcufinder/plugins/mcufinder/ => /home/akshaypotdar/.stmcufinder/plugins/mcufinder
2024-08-08 20:29:11,236 [INFO] ApiDb:250 - Set database path to: /home/akshaypotdar/.stmcufinder/plugins/mcufinder//mcu/
2024-08-08 20:29:11,236 [WARN] DbFile:41 - Overriding database path with different value: /home/akshaypotdar/.stmcufinder/plugins/mcufinder/ => /home/akshaypotdar/.stmcufinder/plugins/mcufinder
2024-08-08 20:29:11,237 [INFO] DbMcusAds:125 - Set database path to: /home/akshaypotdar/.stmcufinder/plugins/mcufinder//mcu/
2024-08-08 20:29:11,237 [WARN] DbFile:41 - Overriding database path with different value: /home/akshaypotdar/.stmcufinder/plugins/mcufinder/ => /home/akshaypotdar/.stmcufinder/plugins/mcufinder
2024-08-08 20:29:11,237 [WARN] DbFile:41 - Overriding database path with different value: /home/akshaypotdar/.stmcufinder/plugins/mcufinder/ => /home/akshaypotdar/.stmcufinder/plugins/mcufinder
2024-08-08 20:29:11,237 [INFO] CrossReferenceDbSqlite:203 - Set database path to: /home/akshaypotdar/.stmcufinder/plugins/mcufinder//mcu/cs/
2024-08-08 20:29:11,292 [INFO] MainPanel:264 - HeapMemory: 268435456
2024-08-08 20:29:11,362 [INFO] DbMcusXml:78 - Set database path to: /opt/st/stm32cubeide_1.15.0/plugins/com.st.stm32cube.common.mx_6.11.0.202403141607//db//mcu/
2024-08-08 20:29:11,363 [INFO] ApiDb:274 - Set plugin database path to: /opt/st/stm32cubeide_1.15.0/plugins/com.st.stm32cube.common.mx_6.11.0.202403141607//db//plugins/boardmanager/
2024-08-08 20:29:11,363 [INFO] ApiDb:261 - Set plugin images path to: /opt/st/stm32cubeide_1.15.0/plugins/com.st.stm32cube.common.mx_6.11.0.202403141607//db//plugins/mcufinder/images/
2024-08-08 20:29:11,363 [WARN] DbFile:41 - Overriding database path with different value: /home/akshaypotdar/.stmcufinder/plugins/mcufinder/ => /home/akshaypotdar/.stmcufinder/plugins/mcufinder
2024-08-08 20:29:11,363 [INFO] ApiDb:250 - Set database path to: /home/akshaypotdar/.stmcufinder/plugins/mcufinder//mcu/
2024-08-08 20:29:11,364 [WARN] DbFile:41 - Overriding database path with different value: /home/akshaypotdar/.stmcufinder/plugins/mcufinder/ => /home/akshaypotdar/.stmcufinder/plugins/mcufinder
2024-08-08 20:29:11,364 [INFO] DbMcusAds:125 - Set database path to: /home/akshaypotdar/.stmcufinder/plugins/mcufinder//mcu/
2024-08-08 20:29:11,364 [WARN] DbFile:41 - Overriding database path with different value: /home/akshaypotdar/.stmcufinder/plugins/mcufinder/ => /home/akshaypotdar/.stmcufinder/plugins/mcufinder
2024-08-08 20:29:11,364 [WARN] DbFile:41 - Overriding database path with different value: /home/akshaypotdar/.stmcufinder/plugins/mcufinder/ => /home/akshaypotdar/.stmcufinder/plugins/mcufinder
2024-08-08 20:29:11,364 [INFO] CrossReferenceDbSqlite:203 - Set database path to: /home/akshaypotdar/.stmcufinder/plugins/mcufinder//mcu/cs/
2024-08-08 20:29:11,378 [INFO] ApplicationProperties:184 - Using Application install path: /opt/st/stm32cubeide_1.15.0/plugins/com.st.stm32cube.common.mx_6.11.0.202403141607
2024-08-08 20:29:11,380 [INFO] PluginManage:196 - Search for loadable plugins [exclusion list=, ]
2024-08-08 20:29:11,381 [INFO] PluginManage:310 - Check plugin analytics
2024-08-08 20:29:11,532 [INFO] AnalyticsPlugin:253 - Accepted Software Licenses: 
2024-08-08 20:29:11,533 [INFO] AnalyticsPlugin:255 - Accepted CMSIS Pack Licenses: 
2024-08-08 20:29:11,533 [INFO] AnalyticsPlugin:257 - Accepted Firmware Licenses: FW.F4.1.28.0,FW.F4.1.27.0
2024-08-08 20:29:11,535 [INFO] PluginManage:359 - Loaded plugin analytics (category:tool,tabindex:-1)
2024-08-08 20:29:11,536 [INFO] PluginManage:310 - Check plugin cadmodel
2024-08-08 20:29:11,552 [INFO] CADModel:105 - Init CAD model plugin
2024-08-08 20:29:11,552 [INFO] PluginManage:359 - Loaded plugin cadmodel (category:power,tabindex:5)
2024-08-08 20:29:11,552 [INFO] PluginManage:310 - Check plugin clock
2024-08-08 20:29:11,559 [INFO] PluginManage:359 - Loaded plugin clock (category:base,tabindex:2)
2024-08-08 20:29:11,559 [INFO] PluginManage:310 - Check plugin ddr
2024-08-08 20:29:11,561 [INFO] PluginManage:359 - Loaded plugin ddr (category:tool,tabindex:6)
2024-08-08 20:29:11,561 [INFO] PluginManage:310 - Check plugin filemanager
2024-08-08 20:29:11,674 [INFO] PluginManage:359 - Loaded plugin filemanager (category:base,tabindex:10)
2024-08-08 20:29:11,674 [INFO] PluginManage:310 - Check plugin ipmanager
2024-08-08 20:29:11,679 [INFO] PluginManage:359 - Loaded plugin ipmanager (category:base,tabindex:5)
2024-08-08 20:29:11,679 [INFO] PluginManage:310 - Check plugin lpbam
2024-08-08 20:29:11,689 [INFO] PluginManage:359 - Loaded plugin lpbam (category:base,tabindex:0)
2024-08-08 20:29:11,689 [INFO] PluginManage:310 - Check plugin memorymap
2024-08-08 20:29:11,698 [INFO] PluginManage:359 - Loaded plugin memorymap (category:base,tabindex:4)
2024-08-08 20:29:11,698 [INFO] PluginManage:310 - Check plugin pinoutandconfiguration
2024-08-08 20:29:11,702 [INFO] PluginManage:359 - Loaded plugin pinoutandconfiguration (category:base,tabindex:1)
2024-08-08 20:29:11,702 [INFO] PluginManage:310 - Check plugin pinoutconfig
2024-08-08 20:29:11,765 [WARN] SupportedApi:132 - Cannot load RTOS API schema: s4s-elt-must-match.1: The content of 'definitions' must match (annotation?, (simpleType | complexType)?, (unique | key | keyref)*)). A problem was found starting at: attribute.
2024-08-08 20:29:11,858 [INFO] PluginManage:359 - Loaded plugin pinoutconfig (category:base,tabindex:0)
2024-08-08 20:29:11,859 [INFO] PluginManage:310 - Check plugin power
2024-08-08 20:29:11,864 [INFO] PluginManage:359 - Loaded plugin power (category:power,tabindex:4)
2024-08-08 20:29:11,864 [INFO] PluginManage:310 - Check plugin projectmanager
2024-08-08 20:29:11,876 [INFO] PluginManage:359 - Loaded plugin projectmanager (category:projectmanager,tabindex:3)
2024-08-08 20:29:11,876 [INFO] PluginManage:310 - Check plugin thirdparty
2024-08-08 20:29:11,961 [INFO] PluginManage:359 - Loaded plugin thirdparty (category:base,tabindex:-1)
2024-08-08 20:29:11,961 [INFO] PluginManage:310 - Check plugin tools
2024-08-08 20:29:11,961 [WARN] IntegrityCheckThread:84 - waiting for thirdparty lock release [integrity check]
2024-08-08 20:29:11,961 [INFO] IntegrityCheckThread:86 - entering critical section [integrity check]
2024-08-08 20:29:11,962 [INFO] ThirdPartyUpdaterWithRetryManager:70 - Updater plugin not ready yet. [1/15]
2024-08-08 20:29:11,963 [INFO] PluginManage:359 - Loaded plugin tools (category:base,tabindex:7)
2024-08-08 20:29:11,963 [INFO] PluginManage:310 - Check plugin tutovideos
2024-08-08 20:29:12,111 [INFO] PluginManage:359 - Loaded plugin tutovideos (category:base,tabindex:-1)
2024-08-08 20:29:12,112 [INFO] PluginManage:310 - Check plugin updater
2024-08-08 20:29:12,135 [INFO] PluginManage:359 - Loaded plugin updater (category:base,tabindex:12)
2024-08-08 20:29:12,135 [INFO] PluginManage:310 - Check plugin userauth
2024-08-08 20:29:12,140 [INFO] UserAuth:114 - Init User Auth plugin
2024-08-08 20:29:12,140 [INFO] PluginManage:359 - Loaded plugin userauth (category:base,tabindex:14)
2024-08-08 20:29:12,141 [INFO] PluginManage:283 - PluginManage : Loaded plugins [17]
2024-08-08 20:29:12,295 [INFO] PinOutPanel:1561 - setPackage(No Configuration,No Configuration)
2024-08-08 20:29:12,342 [INFO] CADModel:165 - CPN selected for project level
2024-08-08 20:29:12,343 [INFO] CADModel:114 - Register for checkConnection events
2024-08-08 20:29:12,353 [INFO] IPUIPlugin:80 - create IPUIPlugin
2024-08-08 20:29:12,353 [INFO] PluginManager:220 - loadIPPluginJar : add cryp
2024-08-08 20:29:12,357 [INFO] IPUIPlugin:80 - create IPUIPlugin
2024-08-08 20:29:12,358 [INFO] PluginManager:220 - loadIPPluginJar : add gic
2024-08-08 20:29:12,360 [INFO] IPUIPlugin:80 - create IPUIPlugin
2024-08-08 20:29:12,360 [INFO] PluginManager:220 - loadIPPluginJar : add hash
2024-08-08 20:29:12,362 [INFO] IPUIPlugin:80 - create IPUIPlugin
2024-08-08 20:29:12,362 [INFO] PluginManager:220 - loadIPPluginJar : add usart
2024-08-08 20:29:12,366 [INFO] IPUIPlugin:80 - create IPUIPlugin
2024-08-08 20:29:12,366 [INFO] PluginManager:220 - loadIPPluginJar : add freertos
2024-08-08 20:29:12,367 [INFO] IPUIPlugin:80 - create IPUIPlugin
2024-08-08 20:29:12,368 [INFO] PluginManager:220 - loadIPPluginJar : add gtzc
2024-08-08 20:29:12,371 [INFO] IPUIPlugin:80 - create IPUIPlugin
2024-08-08 20:29:12,371 [INFO] PluginManager:220 - loadIPPluginJar : add resmgrutility
2024-08-08 20:29:12,372 [INFO] IPUIPlugin:80 - create IPUIPlugin
2024-08-08 20:29:12,372 [INFO] PluginManager:220 - loadIPPluginJar : add fatfs
2024-08-08 20:29:12,375 [INFO] IPUIPlugin:80 - create IPUIPlugin
2024-08-08 20:29:12,375 [INFO] PluginManager:220 - loadIPPluginJar : add fmc
2024-08-08 20:29:12,377 [INFO] IPUIPlugin:80 - create IPUIPlugin
2024-08-08 20:29:12,377 [INFO] PluginManager:220 - loadIPPluginJar : add sai
2024-08-08 20:29:12,380 [INFO] IPUIPlugin:80 - create IPUIPlugin
2024-08-08 20:29:12,380 [INFO] PluginManager:220 - loadIPPluginJar : add pdm2pcm
2024-08-08 20:29:12,382 [INFO] IPUIPlugin:80 - create IPUIPlugin
2024-08-08 20:29:12,382 [INFO] PluginManager:220 - loadIPPluginJar : add spi
2024-08-08 20:29:12,384 [INFO] IPUIPlugin:80 - create IPUIPlugin
2024-08-08 20:29:12,384 [INFO] PluginManager:220 - loadIPPluginJar : add usbx
2024-08-08 20:29:12,385 [INFO] IPUIPlugin:80 - create IPUIPlugin
2024-08-08 20:29:12,386 [INFO] PluginManager:220 - loadIPPluginJar : add lorawan
2024-08-08 20:29:12,387 [INFO] IPUIPlugin:80 - create IPUIPlugin
2024-08-08 20:29:12,388 [INFO] PluginManager:220 - loadIPPluginJar : add touchsensing
2024-08-08 20:29:12,389 [INFO] IPUIPlugin:80 - create IPUIPlugin
2024-08-08 20:29:12,390 [INFO] PluginManager:220 - loadIPPluginJar : add dma3
2024-08-08 20:29:12,393 [INFO] IPUIPlugin:80 - create IPUIPlugin
2024-08-08 20:29:12,393 [INFO] PluginManager:220 - loadIPPluginJar : add openamp
2024-08-08 20:29:12,397 [INFO] IPUIPlugin:80 - create IPUIPlugin
2024-08-08 20:29:12,397 [INFO] PluginManager:220 - loadIPPluginJar : add ipddr
2024-08-08 20:29:12,399 [INFO] IPUIPlugin:80 - create IPUIPlugin
2024-08-08 20:29:12,400 [INFO] PluginManager:220 - loadIPPluginJar : add extmemmanager
2024-08-08 20:29:12,402 [INFO] IPUIPlugin:80 - create IPUIPlugin
2024-08-08 20:29:12,402 [INFO] PluginManager:220 - loadIPPluginJar : add opamp
2024-08-08 20:29:12,404 [INFO] IPUIPlugin:80 - create IPUIPlugin
2024-08-08 20:29:12,405 [INFO] PluginManager:220 - loadIPPluginJar : add ucpd
2024-08-08 20:29:12,406 [INFO] IPUIPlugin:80 - create IPUIPlugin
2024-08-08 20:29:12,406 [INFO] PluginManager:220 - loadIPPluginJar : add genericplugin
2024-08-08 20:29:12,409 [INFO] IPUIPlugin:80 - create IPUIPlugin
2024-08-08 20:29:12,409 [INFO] PluginManager:220 - loadIPPluginJar : add tracer_emb
2024-08-08 20:29:12,416 [INFO] IPUIPlugin:80 - create IPUIPlugin
2024-08-08 20:29:12,417 [INFO] PluginManager:220 - loadIPPluginJar : add adc
2024-08-08 20:29:12,421 [INFO] IPUIPlugin:80 - create IPUIPlugin
2024-08-08 20:29:12,421 [INFO] PluginManager:220 - loadIPPluginJar : add gpio
2024-08-08 20:29:12,423 [INFO] IPUIPlugin:80 - create IPUIPlugin
2024-08-08 20:29:12,423 [INFO] PluginManager:220 - loadIPPluginJar : add ts
2024-08-08 20:29:12,425 [INFO] IPUIPlugin:80 - create IPUIPlugin
2024-08-08 20:29:12,425 [INFO] PluginManager:220 - loadIPPluginJar : add gfxmmu
2024-08-08 20:29:12,427 [INFO] IPUIPlugin:80 - create IPUIPlugin
2024-08-08 20:29:12,427 [INFO] PluginManager:220 - loadIPPluginJar : add tsc
2024-08-08 20:29:12,435 [INFO] IPUIPlugin:80 - create IPUIPlugin
2024-08-08 20:29:12,435 [INFO] PluginManager:220 - loadIPPluginJar : add mdma
2024-08-08 20:29:12,437 [INFO] IPUIPlugin:80 - create IPUIPlugin
2024-08-08 20:29:12,438 [INFO] PluginManager:220 - loadIPPluginJar : add dfsdm
2024-08-08 20:29:12,442 [INFO] IPUIPlugin:80 - create IPUIPlugin
2024-08-08 20:29:12,442 [INFO] PluginManager:220 - loadIPPluginJar : add i3c
2024-08-08 20:29:12,452 [INFO] IPUIPlugin:80 - create IPUIPlugin
2024-08-08 20:29:12,453 [INFO] PluginManager:220 - loadIPPluginJar : add linkedlist
2024-08-08 20:29:12,457 [INFO] IPUIPlugin:80 - create IPUIPlugin
2024-08-08 20:29:12,457 [INFO] PluginManager:220 - loadIPPluginJar : add i2c
2024-08-08 20:29:12,460 [INFO] IPUIPlugin:80 - create IPUIPlugin
2024-08-08 20:29:12,460 [INFO] PluginManager:220 - loadIPPluginJar : add can
2024-08-08 20:29:12,462 [INFO] IPUIPlugin:80 - create IPUIPlugin
2024-08-08 20:29:12,463 [INFO] PluginManager:220 - loadIPPluginJar : add ltdc
2024-08-08 20:29:12,464 [INFO] IPUIPlugin:80 - create IPUIPlugin
2024-08-08 20:29:12,465 [INFO] PluginManager:220 - loadIPPluginJar : add aes
2024-08-08 20:29:12,466 [INFO] IPUIPlugin:80 - create IPUIPlugin
2024-08-08 20:29:12,466 [INFO] PluginManager:220 - loadIPPluginJar : add comp
2024-08-08 20:29:12,471 [INFO] IPUIPlugin:80 - create IPUIPlugin
2024-08-08 20:29:12,471 [INFO] PluginManager:220 - loadIPPluginJar : add nvic
2024-08-08 20:29:12,479 [INFO] IPUIPlugin:80 - create IPUIPlugin
2024-08-08 20:29:12,483 [INFO] PluginManager:220 - loadIPPluginJar : add plateformsettings
2024-08-08 20:29:12,489 [INFO] IPUIPlugin:80 - create IPUIPlugin
2024-08-08 20:29:12,489 [INFO] PluginManager:220 - loadIPPluginJar : add stm32_wpan
2024-08-08 20:29:12,496 [INFO] IPUIPlugin:80 - create IPUIPlugin
2024-08-08 20:29:12,496 [INFO] PluginManager:220 - loadIPPluginJar : add dma
2024-08-08 20:29:12,499 [INFO] IPUIPlugin:80 - create IPUIPlugin
2024-08-08 20:29:12,499 [INFO] PluginManager:220 - loadIPPluginJar : add i2s
2024-08-08 20:29:12,500 [INFO] IPUIPlugin:80 - create IPUIPlugin
2024-08-08 20:29:12,501 [INFO] PluginManager:220 - loadIPPluginJar : add tim
2024-08-08 20:29:12,502 [INFO] IPUIPlugin:80 - create IPUIPlugin
2024-08-08 20:29:12,502 [INFO] PluginManager:220 - loadIPPluginJar : add quadspi
2024-08-08 20:29:12,611 [INFO] CADModel:165 - CPN selected for project level
2024-08-08 20:29:12,611 [INFO] CADModel:114 - Register for checkConnection events
2024-08-08 20:29:12,611 [FATAL] Updater:308 - Updater called before beeing initialized
2024-08-08 20:29:12,611 [ERROR] CADModel:125 - Updater not yet initialized, retry later 
2024-08-08 20:29:12,682 [INFO] CADModel:165 - CPN selected for project level
2024-08-08 20:29:12,683 [INFO] CADModel:114 - Register for checkConnection events
2024-08-08 20:29:12,683 [FATAL] Updater:308 - Updater called before beeing initialized
2024-08-08 20:29:12,683 [ERROR] CADModel:125 - Updater not yet initialized, retry later 
2024-08-08 20:29:12,685 [FATAL] Updater:308 - Updater called before beeing initialized
2024-08-08 20:29:12,737 [FATAL] Updater:308 - Updater called before beeing initialized
2024-08-08 20:29:12,739 [INFO] DbMcusAds:53 - JSON generation date=Thu May 16 14:52:00 IST 2024 (1715851320667)
2024-08-08 20:29:12,740 [FATAL] Updater:308 - Updater called before beeing initialized
2024-08-08 20:29:12,762 [WARN] DetailPanel:346 - Failed to get advertising image, set to default
2024-08-08 20:29:12,833 [FATAL] Updater:308 - Updater called before beeing initialized
2024-08-08 20:29:12,834 [FATAL] Updater:308 - Updater called before beeing initialized
2024-08-08 20:29:12,834 [FATAL] Updater:308 - Updater called before beeing initialized
2024-08-08 20:29:12,834 [WARN] DetailPanel:346 - Failed to get advertising image, set to default
2024-08-08 20:29:12,835 [FATAL] Updater:308 - Updater called before beeing initialized
2024-08-08 20:29:12,856 [ERROR] Updater:1120 - MainUpdater not yet initialized. External WinMGr cannot be set.
2024-08-08 20:29:12,857 [INFO] Updater:1056 - Updater Version found : 6.11.0
2024-08-08 20:29:12,869 [INFO] ApplicationProperties:184 - Using Application install path: /opt/st/stm32cubeide_1.15.0/plugins/com.st.stm32cube.common.mx_6.11.0.202403141607
2024-08-08 20:29:13,033 [INFO] MainUpdater:2873 - connection check result : 10
2024-08-08 20:29:13,034 [INFO] MainUpdater:290 - Updater Check For Update Now.
2024-08-08 20:29:13,034 [INFO] MicroXplorer:498 - Change Database Version : DB.6.0.110
2024-08-08 20:29:13,036 [INFO] McuFinderGlobals:63 - Set McuFinder mode to 2 (CubeIDE integrated)
2024-08-08 20:29:13,037 [INFO] UserAuth:179 - activating auth plugin
2024-08-08 20:29:13,039 [INFO] UserAuth:415 - Internet connection configuration mode: 1
2024-08-08 20:29:13,048 [INFO] JxBrowserEngine:152 - Initiate JxBrowser Engine with user profile folder
2024-08-08 20:29:13,192 [INFO] CheckServerUpdateThread:120 - End of CheckServer Thread
2024-08-08 20:29:13,421 [INFO] WebApp:161 - Instantiating new browser for Auth
2024-08-08 20:29:13,708 [INFO] WebApp:779 - Register for checkConnection events
2024-08-08 20:29:13,709 [INFO] WebApp:414 - Apply proxy settings
2024-08-08 20:29:13,709 [INFO] WebApp:499 - Chromium requires no authentication
2024-08-08 20:29:13,712 [INFO] WebApp:442 - Direct internet connection detected
2024-08-08 20:29:13,808 [INFO] WebApp:192 - Starting web application
2024-08-08 20:29:13,808 [INFO] WebApp:544 - Web application path used /opt/st/stm32cubeide_1.15.0/plugins/com.st.stm32cube.common.mx_6.11.0.202403141607/db/plugins/mcufinder/reactClient1/index.html
2024-08-08 20:29:15,053 [WARN] PackLoader:240 - Cannot read IP mode file for STMicroelectronics.FP-SNS-MOTENVWB1.1.4.0
2024-08-08 20:29:15,064 [WARN] PackLoader:240 - Cannot read IP mode file for STMicroelectronics.X-CUBE-SMBUS.2.1.0
2024-08-08 20:29:15,070 [WARN] PackLoader:240 - Cannot read IP mode file for STMicroelectronics.X-CUBE-TOUCHGFX.4.23.1
2024-08-08 20:29:15,074 [WARN] PackLoader:240 - Cannot read IP mode file for STMicroelectronics.X-CUBE-TOUCHGFX.4.23.0
2024-08-08 20:29:15,077 [WARN] PackLoader:240 - Cannot read IP mode file for STMicroelectronics.X-CUBE-TOUCHGFX.4.23.2
2024-08-08 20:29:15,130 [WARN] PackLoader:240 - Cannot read IP mode file for STMicroelectronics.X-CUBE-AZRTOS-F7.1.1.0
2024-08-08 20:29:15,142 [WARN] PackLoader:240 - Cannot read IP mode file for STMicroelectronics.FP-SNS-MOTENV1.4.3.2
2024-08-08 20:29:15,151 [WARN] PackLoader:240 - Cannot read IP mode file for STMicroelectronics.FP-SNS-FLIGHT1.5.0.2
2024-08-08 20:29:15,161 [WARN] PackLoader:240 - Cannot read IP mode file for STMicroelectronics.X-CUBE-DISPLAY.3.0.0
2024-08-08 20:29:15,173 [WARN] PackLoader:240 - Cannot read IP mode file for STMicroelectronics.X-CUBE-BLE1.7.0.0
2024-08-08 20:29:15,180 [WARN] PackLoader:240 - Cannot read IP mode file for emotas.I-CUBE-CANOPEN.1.3.0
2024-08-08 20:29:15,192 [WARN] PackLoader:240 - Cannot read IP mode file for STMicroelectronics.X-CUBE-BLEMGR.3.1.0
2024-08-08 20:29:15,203 [WARN] PackLoader:240 - Cannot read IP mode file for STMicroelectronics.FP-SNS-SMARTAG2.1.2.0
2024-08-08 20:29:15,215 [INFO] LogOutputStream:77 - [STDOUT_REDIRECT] 1 : Invalid condition id : UX_CORESTACK_Condition cause : null
2024-08-08 20:29:15,216 [INFO] LogOutputStream:77 - [STDOUT_REDIRECT] 1 : Invalid condition id : UX_CORESTACK_Condition cause : null
2024-08-08 20:29:15,217 [INFO] LogOutputStream:77 - [STDOUT_REDIRECT] 1 : Invalid condition id : UX_CORESTACK_Condition cause : null
2024-08-08 20:29:15,217 [INFO] LogOutputStream:77 - [STDOUT_REDIRECT] 1 : Invalid condition id : UX_CORESTACK_Condition cause : null
2024-08-08 20:29:15,217 [INFO] LogOutputStream:77 - [STDOUT_REDIRECT] 1 : Invalid condition id : UX_CORESTACK_Condition cause : null
2024-08-08 20:29:15,222 [WARN] PackLoader:240 - Cannot read IP mode file for STMicroelectronics.X-CUBE-AZRTOS-WL.2.0.0
2024-08-08 20:29:15,228 [WARN] PackLoader:240 - Cannot read IP mode file for STMicroelectronics.FP-SNS-MOTENV1.5.0.0
2024-08-08 20:29:15,238 [WARN] PackLoader:240 - Cannot read IP mode file for WES.I-CUBE-Cesium.1.3.0
2024-08-08 20:29:15,244 [WARN] PackLoader:240 - Cannot read IP mode file for STMicroelectronics.X-CUBE-BLE2.3.3.0
2024-08-08 20:29:15,250 [WARN] PackLoader:240 - Cannot read IP mode file for STMicroelectronics.X-CUBE-TCPP.4.1.0
2024-08-08 20:29:15,259 [WARN] PackLoader:240 - Cannot read IP mode file for STMicroelectronics.X-CUBE-ALGOBUILD.1.3.0
2024-08-08 20:29:15,274 [WARN] PackLoader:240 - Cannot read IP mode file for STMicroelectronics.X-CUBE-AZRTOS-G0.1.1.0
2024-08-08 20:29:15,283 [WARN] PackLoader:240 - Cannot read IP mode file for STMicroelectronics.X-CUBE-SAFEA1.1.2.2
2024-08-08 20:29:15,289 [WARN] PackLoader:240 - Cannot read IP mode file for STMicroelectronics.X-CUBE-NFC4.3.0.0
2024-08-08 20:29:15,293 [WARN] PackLoader:240 - Cannot read IP mode file for wolfSSL.I-CUBE-wolfMQTT.1.18.0
2024-08-08 20:29:15,296 [WARN] PackLoader:240 - Cannot read IP mode file for STMicroelectronics.FP-ATR-SIGFOX1.3.2.0
2024-08-08 20:29:15,300 [WARN] PackLoader:240 - Cannot read IP mode file for STMicroelectronics.X-CUBE-EEPRMA1.5.1.0
2024-08-08 20:29:15,322 [WARN] PackLoader:240 - Cannot read IP mode file for SEGGER.I-CUBE-embOS.1.3.1
2024-08-08 20:29:15,350 [WARN] PackLoader:240 - Cannot read IP mode file for STMicroelectronics.X-CUBE-ALGOBUILD.1.4.0
2024-08-08 20:29:15,353 [WARN] PackLoader:240 - Cannot read IP mode file for STMicroelectronics.X-CUBE-GNSS1.6.0.0
2024-08-08 20:29:15,363 [WARN] PackLoader:240 - Cannot read IP mode file for STMicroelectronics.X-CUBE-AZRTOS-F4.1.1.0
2024-08-08 20:29:15,368 [WARN] PackLoader:240 - Cannot read IP mode file for STMicroelectronics.X-CUBE-FREERTOS.1.2.0
2024-08-08 20:29:15,370 [WARN] PackLoader:240 - Cannot read IP mode file for wolfSSL.I-CUBE-wolfSSL.5.6.6
2024-08-08 20:29:15,379 [WARN] PackLoader:240 - Cannot read IP mode file for STMicroelectronics.X-CUBE-AZRTOS-L5.2.0.0
2024-08-08 20:29:15,385 [WARN] PackLoader:240 - Cannot read IP mode file for STMicroelectronics.X-CUBE-NFC6.3.1.0
2024-08-08 20:29:15,388 [WARN] PackLoader:240 - Cannot read IP mode file for ITTIA_DB.I-CUBE-ITTIADB.8.8.0
2024-08-08 20:29:15,390 [WARN] PackLoader:240 - Cannot read IP mode file for STMicroelectronics.X-CUBE-AI.9.0.0
2024-08-08 20:29:15,399 [WARN] PackLoader:240 - Cannot read IP mode file for STMicroelectronics.X-CUBE-NFC7.1.0.1
2024-08-08 20:29:15,401 [WARN] PackLoader:240 - Cannot read IP mode file for STMicroelectronics.X-CUBE-AI.8.1.0
2024-08-08 20:29:15,412 [WARN] ConditionMgr:438 - getConditionDescription Invalid condition id : LAN8742 Phy interface Condition cause : null
2024-08-08 20:29:15,412 [WARN] PackLoader:240 - Cannot read IP mode file for STMicroelectronics.X-CUBE-AZRTOS-L4.2.0.0
2024-08-08 20:29:15,413 [WARN] ConditionMgr:1039 - genDependencies : Invalid condition id : LAN8742 Phy interface Condition cause : null
2024-08-08 20:29:15,414 [WARN] ConditionMgr:1039 - genDependencies : Invalid condition id : LAN8742 Phy interface Condition cause : null
2024-08-08 20:29:15,414 [WARN] ConditionMgr:1039 - genDependencies : Invalid condition id : LAN8742 Phy interface Condition cause : null
2024-08-08 20:29:15,418 [WARN] PackLoader:240 - Cannot read IP mode file for STMicroelectronics.X-CUBE-SFXS2LP1.4.0.0
2024-08-08 20:29:15,427 [WARN] ConditionMgr:438 - getConditionDescription Invalid condition id : UX DEVICE CLASS RTOS Condition cause : null
2024-08-08 20:29:15,427 [WARN] ConditionMgr:438 - getConditionDescription Invalid condition id : UX DEVICE CLASS RTOS Condition cause : null
2024-08-08 20:29:15,428 [WARN] PackLoader:240 - Cannot read IP mode file for STMicroelectronics.X-CUBE-AZRTOS-WB.2.0.0
2024-08-08 20:29:15,429 [WARN] ConditionMgr:1039 - genDependencies : Invalid condition id : UX DEVICE CLASS RTOS Condition cause : null
2024-08-08 20:29:15,429 [WARN] ConditionMgr:1039 - genDependencies : Invalid condition id : UX DEVICE CLASS RTOS Condition cause : null
2024-08-08 20:29:15,429 [WARN] ConditionMgr:1039 - genDependencies : Invalid condition id : UX DEVICE CLASS RTOS Condition cause : null
2024-08-08 20:29:15,429 [WARN] ConditionMgr:1039 - genDependencies : Invalid condition id : UX DEVICE CLASS RTOS Condition cause : null
2024-08-08 20:29:15,429 [WARN] ConditionMgr:1039 - genDependencies : Invalid condition id : UX DEVICE CLASS RTOS Condition cause : null
2024-08-08 20:29:15,435 [WARN] PackLoader:240 - Cannot read IP mode file for STMicroelectronics.X-CUBE-SUBG2.5.0.0
2024-08-08 20:29:15,441 [WARN] PackLoader:240 - Cannot read IP mode file for Cesanta.I-CUBE-Mongoose.7.13.0
2024-08-08 20:29:15,449 [WARN] PackLoader:240 - Cannot read IP mode file for STMicroelectronics.X-CUBE-AZRTOS-G4.2.0.0
2024-08-08 20:29:15,457 [WARN] PackLoader:240 - Cannot read IP mode file for Infineon.AIROC-Wi-Fi-Bluetooth-STM32.1.5.1
2024-08-08 20:29:15,461 [WARN] PackLoader:240 - Cannot read IP mode file for STMicroelectronics.FP-SNS-MOTENVWB1.1.3.1
2024-08-08 20:29:15,463 [WARN] PackLoader:240 - Cannot read IP mode file for STMicroelectronics.X-CUBE-ISPU.2.0.0
2024-08-08 20:29:15,466 [WARN] PackLoader:240 - Cannot read IP mode file for STMicroelectronics.X-CUBE-ALS.1.0.2
2024-08-08 20:29:15,489 [WARN] PackLoader:240 - Cannot read IP mode file for STMicroelectronics.X-CUBE-MEMS1.10.0.0
2024-08-08 20:29:15,583 [WARN] PackLoader:240 - Cannot read IP mode file for STMicroelectronics.X-CUBE-FREERTOS.1.1.0
2024-08-08 20:29:15,586 [WARN] PackLoader:240 - Cannot read IP mode file for portGmbH.I-Cube-SoM-uGOAL.1.1.0
2024-08-08 20:29:15,589 [WARN] PackLoader:240 - Cannot read IP mode file for STMicroelectronics.X-CUBE-ALS.1.0.1
2024-08-08 20:29:15,599 [WARN] PackLoader:240 - Cannot read IP mode file for STMicroelectronics.X-CUBE-AZRTOS-H7RS.1.0.0
2024-08-08 20:29:15,603 [WARN] PackLoader:240 - Cannot read IP mode file for STMicroelectronics.FP-ATR-ASTRA1.2.0.0
2024-08-08 20:29:15,609 [WARN] PackLoader:240 - Cannot read IP mode file for STMicroelectronics.X-CUBE-TOF1.3.4.1
2024-08-08 20:29:15,626 [WARN] PackLoader:240 - Cannot read IP mode file for STMicroelectronics.X-CUBE-AZRTOS-H7.3.2.0
2024-08-08 20:29:15,629 [INFO] ThirdParty:978 - Integrity check success = true
2024-08-08 20:29:15,629 [INFO] IntegrityCheckThread:100 - exiting critical section [integrity check]
2024-08-08 20:29:15,629 [INFO] IntegrityCheckThread:103 - End integrity checks thread
2024-08-08 20:31:56,149 [ERROR] LogOutputStream:75 - [STDERR_REDIRECT] 
